2013/11/29 15:41:06 [error] [system.db.CDbCommand] CDbCommand::fetchAll() failed: SQLSTATE[42S02]: Base table or view not found: 1146 Table 'rtwebstart.tbl_migration' doesn't exist. The SQL statement executed was: SHOW FULL COLUMNS FROM `tbl_migration`.
2013/11/29 15:42:11 [error] [system.db.CDbCommand] CDbCommand::execute() failed: SQLSTATE[42000]: Syntax error or access violation: 1064 You have an error in your SQL syntax; check the manual that corresponds to your MySQL server version for the right syntax to use near '{users}} SET create_at = FROM_UNIXTIME(createtime), lastvisit_at = IF(lastvisit,' at line 1. The SQL statement executed was: UPDATE {{users}} SET create_at = FROM_UNIXTIME(createtime), lastvisit_at = IF(lastvisit,FROM_UNIXTIME(lastvisit),'0000-00-00 00:00:00').
2013/11/29 15:44:03 [error] [system.db.CDbCommand] CDbCommand::execute() failed: SQLSTATE[42S21]: Column already exists: 1060 Duplicate column name 'create_at'. The SQL statement executed was: ALTER TABLE `{{users}}` ADD `create_at` TIMESTAMP NOT NULL DEFAULT CURRENT_TIMESTAMP.
2013/11/29 15:49:36 [error] [php] include(WebUser.php) [<a href='function.include'>function.include</a>]: failed to open stream: No such file or directory (C:\Devroot\workspace\risingtide\yii\framework\YiiBase.php:427)
Stack trace:
#0 C:\Devroot\workspace\risingtide\yii\framework\YiiBase.php(196): import()
#1 C:\Devroot\workspace\risingtide\yii\framework\base\CModule.php(386): createComponent()
#2 C:\Devroot\workspace\risingtide\yii\framework\base\CModule.php(103): CWebApplication->getComponent()
#3 C:\Devroot\workspace\risingtide\rtwebstart\protected\views\layouts\main.php(35): CWebApplication->__get()
#4 C:\Devroot\workspace\risingtide\yii\framework\web\CBaseController.php(126): require()
#5 C:\Devroot\workspace\risingtide\yii\framework\web\CBaseController.php(95): SiteController->renderInternal()
#6 C:\Devroot\workspace\risingtide\yii\framework\web\widgets\CContentDecorator.php(76): SiteController->renderFile()
#7 C:\Devroot\workspace\risingtide\yii\framework\web\widgets\CContentDecorator.php(54): CContentDecorator->decorate()
#8 C:\Devroot\workspace\risingtide\yii\framework\web\widgets\COutputProcessor.php(44): CContentDecorator->processOutput()
#9 C:\Devroot\workspace\risingtide\yii\framework\web\CBaseController.php(206): CContentDecorator->run()
#10 C:\Devroot\workspace\risingtide\yii\framework\web\CBaseController.php(300): SiteController->endWidget()
#11 C:\Devroot\workspace\risingtide\rtwebstart\protected\views\layouts\column1.php(6): SiteController->endContent()
#12 C:\Devroot\workspace\risingtide\yii\framework\web\CBaseController.php(126): require()
#13 C:\Devroot\workspace\risingtide\yii\framework\web\CBaseController.php(95): SiteController->renderInternal()
#14 C:\Devroot\workspace\risingtide\yii\framework\web\CController.php(784): SiteController->renderFile()
#15 C:\Devroot\workspace\risingtide\rtwebstart\protected\controllers\SiteController.php(32): SiteController->render()
#16 C:\Devroot\workspace\risingtide\yii\framework\web\actions\CInlineAction.php(49): SiteController->actionIndex()
#17 C:\Devroot\workspace\risingtide\yii\framework\web\CController.php(308): CInlineAction->runWithParams()
#18 C:\Devroot\workspace\risingtide\yii\framework\web\CController.php(286): SiteController->runAction()
#19 C:\Devroot\workspace\risingtide\yii\framework\web\CController.php(265): SiteController->runActionWithFilters()
#20 C:\Devroot\workspace\risingtide\yii\framework\web\CWebApplication.php(282): SiteController->run()
#21 C:\Devroot\workspace\risingtide\yii\framework\web\CWebApplication.php(141): CWebApplication->runController()
#22 C:\Devroot\workspace\risingtide\yii\framework\base\CApplication.php(180): CWebApplication->processRequest()
#23 C:\Devroot\workspace\risingtide\rtwebstart\index.php(13): CWebApplication->run()
REQUEST_URI=/rtwebstart/
in C:\Devroot\workspace\risingtide\rtwebstart\protected\views\layouts\main.php (35)
in C:\Devroot\workspace\risingtide\rtwebstart\protected\views\layouts\column1.php (6)
in C:\Devroot\workspace\risingtide\rtwebstart\protected\controllers\SiteController.php (32)
2013/11/29 15:49:59 [error] [exception.CException] exception 'CException' with message 'Property "CWebUser.hash" is not defined.' in C:\Devroot\workspace\risingtide\yii\framework\base\CComponent.php:173
Stack trace:
#0 C:\Devroot\workspace\risingtide\yii\framework\web\auth\CWebUser.php(160): CComponent->__set('hash', 'md5')
#1 C:\Devroot\workspace\risingtide\yii\framework\YiiBase.php(220): CWebUser->__set('hash', 'md5')
#2 C:\Devroot\workspace\risingtide\yii\framework\base\CModule.php(386): YiiBase::createComponent(Array)
#3 C:\Devroot\workspace\risingtide\yii\framework\base\CModule.php(103): CModule->getComponent('user')
#4 C:\Devroot\workspace\risingtide\rtwebstart\protected\views\layouts\main.php(35): CModule->__get('user')
#5 C:\Devroot\workspace\risingtide\yii\framework\web\CBaseController.php(126): require('C:\Devroot\work...')
#6 C:\Devroot\workspace\risingtide\yii\framework\web\CBaseController.php(95): CBaseController->renderInternal('C:\Devroot\work...', Array, true)
#7 C:\Devroot\workspace\risingtide\yii\framework\web\widgets\CContentDecorator.php(76): CBaseController->renderFile('C:\Devroot\work...', Array, true)
#8 C:\Devroot\workspace\risingtide\yii\framework\web\widgets\CContentDecorator.php(54): CContentDecorator->decorate('<div id="conten...')
#9 C:\Devroot\workspace\risingtide\yii\framework\web\widgets\COutputProcessor.php(44): CContentDecorator->processOutput('<div id="conten...')
#10 C:\Devroot\workspace\risingtide\yii\framework\web\CBaseController.php(206): COutputProcessor->run()
#11 C:\Devroot\workspace\risingtide\yii\framework\web\CBaseController.php(300): CBaseController->endWidget('CContentDecorat...')
#12 C:\Devroot\workspace\risingtide\rtwebstart\protected\views\layouts\column1.php(6): CBaseController->endContent()
#13 C:\Devroot\workspace\risingtide\yii\framework\web\CBaseController.php(126): require('C:\Devroot\work...')
#14 C:\Devroot\workspace\risingtide\yii\framework\web\CBaseController.php(95): CBaseController->renderInternal('C:\Devroot\work...', Array, true)
#15 C:\Devroot\workspace\risingtide\yii\framework\web\CController.php(784): CBaseController->renderFile('C:\Devroot\work...', Array, true)
#16 C:\Devroot\workspace\risingtide\rtwebstart\protected\controllers\SiteController.php(32): CController->render('index')
#17 C:\Devroot\workspace\risingtide\yii\framework\web\actions\CInlineAction.php(49): SiteController->actionIndex()
#18 C:\Devroot\workspace\risingtide\yii\framework\web\CController.php(308): CInlineAction->runWithParams(Array)
#19 C:\Devroot\workspace\risingtide\yii\framework\web\CController.php(286): CController->runAction(Object(CInlineAction))
#20 C:\Devroot\workspace\risingtide\yii\framework\web\CController.php(265): CController->runActionWithFilters(Object(CInlineAction), Array)
#21 C:\Devroot\workspace\risingtide\yii\framework\web\CWebApplication.php(282): CController->run('')
#22 C:\Devroot\workspace\risingtide\yii\framework\web\CWebApplication.php(141): CWebApplication->runController('')
#23 C:\Devroot\workspace\risingtide\yii\framework\base\CApplication.php(180): CWebApplication->processRequest()
#24 C:\Devroot\workspace\risingtide\rtwebstart\index.php(13): CApplication->run()
#25 {main}
REQUEST_URI=/rtwebstart/
---
2013/11/29 16:52:18 [error] [php] include(WebUser.php) [<a href='function.include'>function.include</a>]: failed to open stream: No such file or directory (C:\Devroot\workspace\risingtide\yii\framework\YiiBase.php:427)
Stack trace:
#0 C:\Devroot\workspace\risingtide\yii\framework\YiiBase.php(196): import()
#1 C:\Devroot\workspace\risingtide\yii\framework\base\CModule.php(386): createComponent()
#2 C:\Devroot\workspace\risingtide\yii\framework\base\CModule.php(103): CWebApplication->getComponent()
#3 C:\Devroot\workspace\risingtide\rtwebstart\protected\views\layouts\main.php(35): CWebApplication->__get()
#4 C:\Devroot\workspace\risingtide\yii\framework\web\CBaseController.php(126): require()
#5 C:\Devroot\workspace\risingtide\yii\framework\web\CBaseController.php(95): SiteController->renderInternal()
#6 C:\Devroot\workspace\risingtide\yii\framework\web\widgets\CContentDecorator.php(76): SiteController->renderFile()
#7 C:\Devroot\workspace\risingtide\yii\framework\web\widgets\CContentDecorator.php(54): CContentDecorator->decorate()
#8 C:\Devroot\workspace\risingtide\yii\framework\web\widgets\COutputProcessor.php(44): CContentDecorator->processOutput()
#9 C:\Devroot\workspace\risingtide\yii\framework\web\CBaseController.php(206): CContentDecorator->run()
#10 C:\Devroot\workspace\risingtide\yii\framework\web\CBaseController.php(300): SiteController->endWidget()
#11 C:\Devroot\workspace\risingtide\rtwebstart\protected\views\layouts\column1.php(6): SiteController->endContent()
#12 C:\Devroot\workspace\risingtide\yii\framework\web\CBaseController.php(126): require()
#13 C:\Devroot\workspace\risingtide\yii\framework\web\CBaseController.php(95): SiteController->renderInternal()
#14 C:\Devroot\workspace\risingtide\yii\framework\web\CController.php(784): SiteController->renderFile()
#15 C:\Devroot\workspace\risingtide\rtwebstart\protected\controllers\SiteController.php(32): SiteController->render()
#16 C:\Devroot\workspace\risingtide\yii\framework\web\actions\CInlineAction.php(49): SiteController->actionIndex()
#17 C:\Devroot\workspace\risingtide\yii\framework\web\CController.php(308): CInlineAction->runWithParams()
#18 C:\Devroot\workspace\risingtide\yii\framework\web\CController.php(286): SiteController->runAction()
#19 C:\Devroot\workspace\risingtide\yii\framework\web\CController.php(265): SiteController->runActionWithFilters()
#20 C:\Devroot\workspace\risingtide\yii\framework\web\CWebApplication.php(282): SiteController->run()
#21 C:\Devroot\workspace\risingtide\yii\framework\web\CWebApplication.php(141): CWebApplication->runController()
#22 C:\Devroot\workspace\risingtide\yii\framework\base\CApplication.php(180): CWebApplication->processRequest()
#23 C:\Devroot\workspace\risingtide\rtwebstart\index.php(13): CWebApplication->run()
REQUEST_URI=/rtwebstart/site/index
in C:\Devroot\workspace\risingtide\rtwebstart\protected\views\layouts\main.php (35)
in C:\Devroot\workspace\risingtide\rtwebstart\protected\views\layouts\column1.php (6)
in C:\Devroot\workspace\risingtide\rtwebstart\protected\controllers\SiteController.php (32)
2013/11/29 16:52:29 [error] [exception.CException] exception 'CException' with message 'Property "CWebUser.hash" is not defined.' in C:\Devroot\workspace\risingtide\yii\framework\base\CComponent.php:173
Stack trace:
#0 C:\Devroot\workspace\risingtide\yii\framework\web\auth\CWebUser.php(160): CComponent->__set('hash', 'md5')
#1 C:\Devroot\workspace\risingtide\yii\framework\YiiBase.php(220): CWebUser->__set('hash', 'md5')
#2 C:\Devroot\workspace\risingtide\yii\framework\base\CModule.php(386): YiiBase::createComponent(Array)
#3 C:\Devroot\workspace\risingtide\yii\framework\base\CModule.php(103): CModule->getComponent('user')
#4 C:\Devroot\workspace\risingtide\rtwebstart\protected\views\layouts\main.php(35): CModule->__get('user')
#5 C:\Devroot\workspace\risingtide\yii\framework\web\CBaseController.php(126): require('C:\Devroot\work...')
#6 C:\Devroot\workspace\risingtide\yii\framework\web\CBaseController.php(95): CBaseController->renderInternal('C:\Devroot\work...', Array, true)
#7 C:\Devroot\workspace\risingtide\yii\framework\web\widgets\CContentDecorator.php(76): CBaseController->renderFile('C:\Devroot\work...', Array, true)
#8 C:\Devroot\workspace\risingtide\yii\framework\web\widgets\CContentDecorator.php(54): CContentDecorator->decorate('<div id="conten...')
#9 C:\Devroot\workspace\risingtide\yii\framework\web\widgets\COutputProcessor.php(44): CContentDecorator->processOutput('<div id="conten...')
#10 C:\Devroot\workspace\risingtide\yii\framework\web\CBaseController.php(206): COutputProcessor->run()
#11 C:\Devroot\workspace\risingtide\yii\framework\web\CBaseController.php(300): CBaseController->endWidget('CContentDecorat...')
#12 C:\Devroot\workspace\risingtide\rtwebstart\protected\views\layouts\column1.php(6): CBaseController->endContent()
#13 C:\Devroot\workspace\risingtide\yii\framework\web\CBaseController.php(126): require('C:\Devroot\work...')
#14 C:\Devroot\workspace\risingtide\yii\framework\web\CBaseController.php(95): CBaseController->renderInternal('C:\Devroot\work...', Array, true)
#15 C:\Devroot\workspace\risingtide\yii\framework\web\CController.php(784): CBaseController->renderFile('C:\Devroot\work...', Array, true)
#16 C:\Devroot\workspace\risingtide\rtwebstart\protected\controllers\SiteController.php(32): CController->render('index')
#17 C:\Devroot\workspace\risingtide\yii\framework\web\actions\CInlineAction.php(49): SiteController->actionIndex()
#18 C:\Devroot\workspace\risingtide\yii\framework\web\CController.php(308): CInlineAction->runWithParams(Array)
#19 C:\Devroot\workspace\risingtide\yii\framework\web\CController.php(286): CController->runAction(Object(CInlineAction))
#20 C:\Devroot\workspace\risingtide\yii\framework\web\CController.php(265): CController->runActionWithFilters(Object(CInlineAction), Array)
#21 C:\Devroot\workspace\risingtide\yii\framework\web\CWebApplication.php(282): CController->run('index')
#22 C:\Devroot\workspace\risingtide\yii\framework\web\CWebApplication.php(141): CWebApplication->runController('site/index')
#23 C:\Devroot\workspace\risingtide\yii\framework\base\CApplication.php(180): CWebApplication->processRequest()
#24 C:\Devroot\workspace\risingtide\rtwebstart\index.php(13): CApplication->run()
#25 {main}
REQUEST_URI=/rtwebstart/site/index
HTTP_REFERER=http://localhost/rtwebstart/site/page?view=about
---
2013/11/29 16:52:43 [error] [exception.CException] exception 'CException' with message 'Property "CWebUser.sendActivationMail" is not defined.' in C:\Devroot\workspace\risingtide\yii\framework\base\CComponent.php:173
Stack trace:
#0 C:\Devroot\workspace\risingtide\yii\framework\web\auth\CWebUser.php(160): CComponent->__set('sendActivationM...', false)
#1 C:\Devroot\workspace\risingtide\yii\framework\YiiBase.php(220): CWebUser->__set('sendActivationM...', false)
#2 C:\Devroot\workspace\risingtide\yii\framework\base\CModule.php(386): YiiBase::createComponent(Array)
#3 C:\Devroot\workspace\risingtide\yii\framework\base\CModule.php(103): CModule->getComponent('user')
#4 C:\Devroot\workspace\risingtide\rtwebstart\protected\views\layouts\main.php(35): CModule->__get('user')
#5 C:\Devroot\workspace\risingtide\yii\framework\web\CBaseController.php(126): require('C:\Devroot\work...')
#6 C:\Devroot\workspace\risingtide\yii\framework\web\CBaseController.php(95): CBaseController->renderInternal('C:\Devroot\work...', Array, true)
#7 C:\Devroot\workspace\risingtide\yii\framework\web\widgets\CContentDecorator.php(76): CBaseController->renderFile('C:\Devroot\work...', Array, true)
#8 C:\Devroot\workspace\risingtide\yii\framework\web\widgets\CContentDecorator.php(54): CContentDecorator->decorate('<div id="conten...')
#9 C:\Devroot\workspace\risingtide\yii\framework\web\widgets\COutputProcessor.php(44): CContentDecorator->processOutput('<div id="conten...')
#10 C:\Devroot\workspace\risingtide\yii\framework\web\CBaseController.php(206): COutputProcessor->run()
#11 C:\Devroot\workspace\risingtide\yii\framework\web\CBaseController.php(300): CBaseController->endWidget('CContentDecorat...')
#12 C:\Devroot\workspace\risingtide\rtwebstart\protected\views\layouts\column1.php(6): CBaseController->endContent()
#13 C:\Devroot\workspace\risingtide\yii\framework\web\CBaseController.php(126): require('C:\Devroot\work...')
#14 C:\Devroot\workspace\risingtide\yii\framework\web\CBaseController.php(95): CBaseController->renderInternal('C:\Devroot\work...', Array, true)
#15 C:\Devroot\workspace\risingtide\yii\framework\web\CController.php(784): CBaseController->renderFile('C:\Devroot\work...', Array, true)
#16 C:\Devroot\workspace\risingtide\rtwebstart\protected\controllers\SiteController.php(32): CController->render('index')
#17 C:\Devroot\workspace\risingtide\yii\framework\web\actions\CInlineAction.php(49): SiteController->actionIndex()
#18 C:\Devroot\workspace\risingtide\yii\framework\web\CController.php(308): CInlineAction->runWithParams(Array)
#19 C:\Devroot\workspace\risingtide\yii\framework\web\CController.php(286): CController->runAction(Object(CInlineAction))
#20 C:\Devroot\workspace\risingtide\yii\framework\web\CController.php(265): CController->runActionWithFilters(Object(CInlineAction), Array)
#21 C:\Devroot\workspace\risingtide\yii\framework\web\CWebApplication.php(282): CController->run('index')
#22 C:\Devroot\workspace\risingtide\yii\framework\web\CWebApplication.php(141): CWebApplication->runController('site/index')
#23 C:\Devroot\workspace\risingtide\yii\framework\base\CApplication.php(180): CWebApplication->processRequest()
#24 C:\Devroot\workspace\risingtide\rtwebstart\index.php(13): CApplication->run()
#25 {main}
REQUEST_URI=/rtwebstart/site/index
HTTP_REFERER=http://localhost/rtwebstart/site/page?view=about
---
2013/11/29 16:52:51 [error] [exception.CException] exception 'CException' with message 'Property "CWebUser.loginNotActiv" is not defined.' in C:\Devroot\workspace\risingtide\yii\framework\base\CComponent.php:173
Stack trace:
#0 C:\Devroot\workspace\risingtide\yii\framework\web\auth\CWebUser.php(160): CComponent->__set('loginNotActiv', false)
#1 C:\Devroot\workspace\risingtide\yii\framework\YiiBase.php(220): CWebUser->__set('loginNotActiv', false)
#2 C:\Devroot\workspace\risingtide\yii\framework\base\CModule.php(386): YiiBase::createComponent(Array)
#3 C:\Devroot\workspace\risingtide\yii\framework\base\CModule.php(103): CModule->getComponent('user')
#4 C:\Devroot\workspace\risingtide\rtwebstart\protected\views\layouts\main.php(35): CModule->__get('user')
#5 C:\Devroot\workspace\risingtide\yii\framework\web\CBaseController.php(126): require('C:\Devroot\work...')
#6 C:\Devroot\workspace\risingtide\yii\framework\web\CBaseController.php(95): CBaseController->renderInternal('C:\Devroot\work...', Array, true)
#7 C:\Devroot\workspace\risingtide\yii\framework\web\widgets\CContentDecorator.php(76): CBaseController->renderFile('C:\Devroot\work...', Array, true)
#8 C:\Devroot\workspace\risingtide\yii\framework\web\widgets\CContentDecorator.php(54): CContentDecorator->decorate('<div id="conten...')
#9 C:\Devroot\workspace\risingtide\yii\framework\web\widgets\COutputProcessor.php(44): CContentDecorator->processOutput('<div id="conten...')
#10 C:\Devroot\workspace\risingtide\yii\framework\web\CBaseController.php(206): COutputProcessor->run()
#11 C:\Devroot\workspace\risingtide\yii\framework\web\CBaseController.php(300): CBaseController->endWidget('CContentDecorat...')
#12 C:\Devroot\workspace\risingtide\rtwebstart\protected\views\layouts\column1.php(6): CBaseController->endContent()
#13 C:\Devroot\workspace\risingtide\yii\framework\web\CBaseController.php(126): require('C:\Devroot\work...')
#14 C:\Devroot\workspace\risingtide\yii\framework\web\CBaseController.php(95): CBaseController->renderInternal('C:\Devroot\work...', Array, true)
#15 C:\Devroot\workspace\risingtide\yii\framework\web\CController.php(784): CBaseController->renderFile('C:\Devroot\work...', Array, true)
#16 C:\Devroot\workspace\risingtide\rtwebstart\protected\controllers\SiteController.php(32): CController->render('index')
#17 C:\Devroot\workspace\risingtide\yii\framework\web\actions\CInlineAction.php(49): SiteController->actionIndex()
#18 C:\Devroot\workspace\risingtide\yii\framework\web\CController.php(308): CInlineAction->runWithParams(Array)
#19 C:\Devroot\workspace\risingtide\yii\framework\web\CController.php(286): CController->runAction(Object(CInlineAction))
#20 C:\Devroot\workspace\risingtide\yii\framework\web\CController.php(265): CController->runActionWithFilters(Object(CInlineAction), Array)
#21 C:\Devroot\workspace\risingtide\yii\framework\web\CWebApplication.php(282): CController->run('index')
#22 C:\Devroot\workspace\risingtide\yii\framework\web\CWebApplication.php(141): CWebApplication->runController('site/index')
#23 C:\Devroot\workspace\risingtide\yii\framework\base\CApplication.php(180): CWebApplication->processRequest()
#24 C:\Devroot\workspace\risingtide\rtwebstart\index.php(13): CApplication->run()
#25 {main}
REQUEST_URI=/rtwebstart/site/index
HTTP_REFERER=http://localhost/rtwebstart/site/page?view=about
---
2013/11/29 16:53:03 [error] [exception.CException] exception 'CException' with message 'Property "CWebUser.activeAfterRegister" is not defined.' in C:\Devroot\workspace\risingtide\yii\framework\base\CComponent.php:173
Stack trace:
#0 C:\Devroot\workspace\risingtide\yii\framework\web\auth\CWebUser.php(160): CComponent->__set('activeAfterRegi...', false)
#1 C:\Devroot\workspace\risingtide\yii\framework\YiiBase.php(220): CWebUser->__set('activeAfterRegi...', false)
#2 C:\Devroot\workspace\risingtide\yii\framework\base\CModule.php(386): YiiBase::createComponent(Array)
#3 C:\Devroot\workspace\risingtide\yii\framework\base\CModule.php(103): CModule->getComponent('user')
#4 C:\Devroot\workspace\risingtide\rtwebstart\protected\views\layouts\main.php(35): CModule->__get('user')
#5 C:\Devroot\workspace\risingtide\yii\framework\web\CBaseController.php(126): require('C:\Devroot\work...')
#6 C:\Devroot\workspace\risingtide\yii\framework\web\CBaseController.php(95): CBaseController->renderInternal('C:\Devroot\work...', Array, true)
#7 C:\Devroot\workspace\risingtide\yii\framework\web\widgets\CContentDecorator.php(76): CBaseController->renderFile('C:\Devroot\work...', Array, true)
#8 C:\Devroot\workspace\risingtide\yii\framework\web\widgets\CContentDecorator.php(54): CContentDecorator->decorate('<div id="conten...')
#9 C:\Devroot\workspace\risingtide\yii\framework\web\widgets\COutputProcessor.php(44): CContentDecorator->processOutput('<div id="conten...')
#10 C:\Devroot\workspace\risingtide\yii\framework\web\CBaseController.php(206): COutputProcessor->run()
#11 C:\Devroot\workspace\risingtide\yii\framework\web\CBaseController.php(300): CBaseController->endWidget('CContentDecorat...')
#12 C:\Devroot\workspace\risingtide\rtwebstart\protected\views\layouts\column1.php(6): CBaseController->endContent()
#13 C:\Devroot\workspace\risingtide\yii\framework\web\CBaseController.php(126): require('C:\Devroot\work...')
#14 C:\Devroot\workspace\risingtide\yii\framework\web\CBaseController.php(95): CBaseController->renderInternal('C:\Devroot\work...', Array, true)
#15 C:\Devroot\workspace\risingtide\yii\framework\web\CController.php(784): CBaseController->renderFile('C:\Devroot\work...', Array, true)
#16 C:\Devroot\workspace\risingtide\rtwebstart\protected\controllers\SiteController.php(32): CController->render('index')
#17 C:\Devroot\workspace\risingtide\yii\framework\web\actions\CInlineAction.php(49): SiteController->actionIndex()
#18 C:\Devroot\workspace\risingtide\yii\framework\web\CController.php(308): CInlineAction->runWithParams(Array)
#19 C:\Devroot\workspace\risingtide\yii\framework\web\CController.php(286): CController->runAction(Object(CInlineAction))
#20 C:\Devroot\workspace\risingtide\yii\framework\web\CController.php(265): CController->runActionWithFilters(Object(CInlineAction), Array)
#21 C:\Devroot\workspace\risingtide\yii\framework\web\CWebApplication.php(282): CController->run('index')
#22 C:\Devroot\workspace\risingtide\yii\framework\web\CWebApplication.php(141): CWebApplication->runController('site/index')
#23 C:\Devroot\workspace\risingtide\yii\framework\base\CApplication.php(180): CWebApplication->processRequest()
#24 C:\Devroot\workspace\risingtide\rtwebstart\index.php(13): CApplication->run()
#25 {main}
REQUEST_URI=/rtwebstart/site/index
HTTP_REFERER=http://localhost/rtwebstart/site/page?view=about
---
2013/11/29 16:53:12 [error] [exception.CException] exception 'CException' with message 'Property "CWebUser.autoLogin" is not defined.' in C:\Devroot\workspace\risingtide\yii\framework\base\CComponent.php:173
Stack trace:
#0 C:\Devroot\workspace\risingtide\yii\framework\web\auth\CWebUser.php(160): CComponent->__set('autoLogin', true)
#1 C:\Devroot\workspace\risingtide\yii\framework\YiiBase.php(220): CWebUser->__set('autoLogin', true)
#2 C:\Devroot\workspace\risingtide\yii\framework\base\CModule.php(386): YiiBase::createComponent(Array)
#3 C:\Devroot\workspace\risingtide\yii\framework\base\CModule.php(103): CModule->getComponent('user')
#4 C:\Devroot\workspace\risingtide\rtwebstart\protected\views\layouts\main.php(35): CModule->__get('user')
#5 C:\Devroot\workspace\risingtide\yii\framework\web\CBaseController.php(126): require('C:\Devroot\work...')
#6 C:\Devroot\workspace\risingtide\yii\framework\web\CBaseController.php(95): CBaseController->renderInternal('C:\Devroot\work...', Array, true)
#7 C:\Devroot\workspace\risingtide\yii\framework\web\widgets\CContentDecorator.php(76): CBaseController->renderFile('C:\Devroot\work...', Array, true)
#8 C:\Devroot\workspace\risingtide\yii\framework\web\widgets\CContentDecorator.php(54): CContentDecorator->decorate('<div id="conten...')
#9 C:\Devroot\workspace\risingtide\yii\framework\web\widgets\COutputProcessor.php(44): CContentDecorator->processOutput('<div id="conten...')
#10 C:\Devroot\workspace\risingtide\yii\framework\web\CBaseController.php(206): COutputProcessor->run()
#11 C:\Devroot\workspace\risingtide\yii\framework\web\CBaseController.php(300): CBaseController->endWidget('CContentDecorat...')
#12 C:\Devroot\workspace\risingtide\rtwebstart\protected\views\layouts\column1.php(6): CBaseController->endContent()
#13 C:\Devroot\workspace\risingtide\yii\framework\web\CBaseController.php(126): require('C:\Devroot\work...')
#14 C:\Devroot\workspace\risingtide\yii\framework\web\CBaseController.php(95): CBaseController->renderInternal('C:\Devroot\work...', Array, true)
#15 C:\Devroot\workspace\risingtide\yii\framework\web\CController.php(784): CBaseController->renderFile('C:\Devroot\work...', Array, true)
#16 C:\Devroot\workspace\risingtide\rtwebstart\protected\controllers\SiteController.php(32): CController->render('index')
#17 C:\Devroot\workspace\risingtide\yii\framework\web\actions\CInlineAction.php(49): SiteController->actionIndex()
#18 C:\Devroot\workspace\risingtide\yii\framework\web\CController.php(308): CInlineAction->runWithParams(Array)
#19 C:\Devroot\workspace\risingtide\yii\framework\web\CController.php(286): CController->runAction(Object(CInlineAction))
#20 C:\Devroot\workspace\risingtide\yii\framework\web\CController.php(265): CController->runActionWithFilters(Object(CInlineAction), Array)
#21 C:\Devroot\workspace\risingtide\yii\framework\web\CWebApplication.php(282): CController->run('index')
#22 C:\Devroot\workspace\risingtide\yii\framework\web\CWebApplication.php(141): CWebApplication->runController('site/index')
#23 C:\Devroot\workspace\risingtide\yii\framework\base\CApplication.php(180): CWebApplication->processRequest()
#24 C:\Devroot\workspace\risingtide\rtwebstart\index.php(13): CApplication->run()
#25 {main}
REQUEST_URI=/rtwebstart/site/index
HTTP_REFERER=http://localhost/rtwebstart/site/page?view=about
---
2013/11/29 16:53:19 [error] [exception.CException] exception 'CException' with message 'Property "CWebUser.registrationUrl" is not defined.' in C:\Devroot\workspace\risingtide\yii\framework\base\CComponent.php:173
Stack trace:
#0 C:\Devroot\workspace\risingtide\yii\framework\web\auth\CWebUser.php(160): CComponent->__set('registrationUrl', Array)
#1 C:\Devroot\workspace\risingtide\yii\framework\YiiBase.php(220): CWebUser->__set('registrationUrl', Array)
#2 C:\Devroot\workspace\risingtide\yii\framework\base\CModule.php(386): YiiBase::createComponent(Array)
#3 C:\Devroot\workspace\risingtide\yii\framework\base\CModule.php(103): CModule->getComponent('user')
#4 C:\Devroot\workspace\risingtide\rtwebstart\protected\views\layouts\main.php(35): CModule->__get('user')
#5 C:\Devroot\workspace\risingtide\yii\framework\web\CBaseController.php(126): require('C:\Devroot\work...')
#6 C:\Devroot\workspace\risingtide\yii\framework\web\CBaseController.php(95): CBaseController->renderInternal('C:\Devroot\work...', Array, true)
#7 C:\Devroot\workspace\risingtide\yii\framework\web\widgets\CContentDecorator.php(76): CBaseController->renderFile('C:\Devroot\work...', Array, true)
#8 C:\Devroot\workspace\risingtide\yii\framework\web\widgets\CContentDecorator.php(54): CContentDecorator->decorate('<div id="conten...')
#9 C:\Devroot\workspace\risingtide\yii\framework\web\widgets\COutputProcessor.php(44): CContentDecorator->processOutput('<div id="conten...')
#10 C:\Devroot\workspace\risingtide\yii\framework\web\CBaseController.php(206): COutputProcessor->run()
#11 C:\Devroot\workspace\risingtide\yii\framework\web\CBaseController.php(300): CBaseController->endWidget('CContentDecorat...')
#12 C:\Devroot\workspace\risingtide\rtwebstart\protected\views\layouts\column1.php(6): CBaseController->endContent()
#13 C:\Devroot\workspace\risingtide\yii\framework\web\CBaseController.php(126): require('C:\Devroot\work...')
#14 C:\Devroot\workspace\risingtide\yii\framework\web\CBaseController.php(95): CBaseController->renderInternal('C:\Devroot\work...', Array, true)
#15 C:\Devroot\workspace\risingtide\yii\framework\web\CController.php(784): CBaseController->renderFile('C:\Devroot\work...', Array, true)
#16 C:\Devroot\workspace\risingtide\rtwebstart\protected\controllers\SiteController.php(32): CController->render('index')
#17 C:\Devroot\workspace\risingtide\yii\framework\web\actions\CInlineAction.php(49): SiteController->actionIndex()
#18 C:\Devroot\workspace\risingtide\yii\framework\web\CController.php(308): CInlineAction->runWithParams(Array)
#19 C:\Devroot\workspace\risingtide\yii\framework\web\CController.php(286): CController->runAction(Object(CInlineAction))
#20 C:\Devroot\workspace\risingtide\yii\framework\web\CController.php(265): CController->runActionWithFilters(Object(CInlineAction), Array)
#21 C:\Devroot\workspace\risingtide\yii\framework\web\CWebApplication.php(282): CController->run('index')
#22 C:\Devroot\workspace\risingtide\yii\framework\web\CWebApplication.php(141): CWebApplication->runController('site/index')
#23 C:\Devroot\workspace\risingtide\yii\framework\base\CApplication.php(180): CWebApplication->processRequest()
#24 C:\Devroot\workspace\risingtide\rtwebstart\index.php(13): CApplication->run()
#25 {main}
REQUEST_URI=/rtwebstart/site/index
HTTP_REFERER=http://localhost/rtwebstart/site/page?view=about
---
2013/11/29 16:53:25 [error] [exception.CException] exception 'CException' with message 'Property "CWebUser.recoveryUrl" is not defined.' in C:\Devroot\workspace\risingtide\yii\framework\base\CComponent.php:173
Stack trace:
#0 C:\Devroot\workspace\risingtide\yii\framework\web\auth\CWebUser.php(160): CComponent->__set('recoveryUrl', Array)
#1 C:\Devroot\workspace\risingtide\yii\framework\YiiBase.php(220): CWebUser->__set('recoveryUrl', Array)
#2 C:\Devroot\workspace\risingtide\yii\framework\base\CModule.php(386): YiiBase::createComponent(Array)
#3 C:\Devroot\workspace\risingtide\yii\framework\base\CModule.php(103): CModule->getComponent('user')
#4 C:\Devroot\workspace\risingtide\rtwebstart\protected\views\layouts\main.php(35): CModule->__get('user')
#5 C:\Devroot\workspace\risingtide\yii\framework\web\CBaseController.php(126): require('C:\Devroot\work...')
#6 C:\Devroot\workspace\risingtide\yii\framework\web\CBaseController.php(95): CBaseController->renderInternal('C:\Devroot\work...', Array, true)
#7 C:\Devroot\workspace\risingtide\yii\framework\web\widgets\CContentDecorator.php(76): CBaseController->renderFile('C:\Devroot\work...', Array, true)
#8 C:\Devroot\workspace\risingtide\yii\framework\web\widgets\CContentDecorator.php(54): CContentDecorator->decorate('<div id="conten...')
#9 C:\Devroot\workspace\risingtide\yii\framework\web\widgets\COutputProcessor.php(44): CContentDecorator->processOutput('<div id="conten...')
#10 C:\Devroot\workspace\risingtide\yii\framework\web\CBaseController.php(206): COutputProcessor->run()
#11 C:\Devroot\workspace\risingtide\yii\framework\web\CBaseController.php(300): CBaseController->endWidget('CContentDecorat...')
#12 C:\Devroot\workspace\risingtide\rtwebstart\protected\views\layouts\column1.php(6): CBaseController->endContent()
#13 C:\Devroot\workspace\risingtide\yii\framework\web\CBaseController.php(126): require('C:\Devroot\work...')
#14 C:\Devroot\workspace\risingtide\yii\framework\web\CBaseController.php(95): CBaseController->renderInternal('C:\Devroot\work...', Array, true)
#15 C:\Devroot\workspace\risingtide\yii\framework\web\CController.php(784): CBaseController->renderFile('C:\Devroot\work...', Array, true)
#16 C:\Devroot\workspace\risingtide\rtwebstart\protected\controllers\SiteController.php(32): CController->render('index')
#17 C:\Devroot\workspace\risingtide\yii\framework\web\actions\CInlineAction.php(49): SiteController->actionIndex()
#18 C:\Devroot\workspace\risingtide\yii\framework\web\CController.php(308): CInlineAction->runWithParams(Array)
#19 C:\Devroot\workspace\risingtide\yii\framework\web\CController.php(286): CController->runAction(Object(CInlineAction))
#20 C:\Devroot\workspace\risingtide\yii\framework\web\CController.php(265): CController->runActionWithFilters(Object(CInlineAction), Array)
#21 C:\Devroot\workspace\risingtide\yii\framework\web\CWebApplication.php(282): CController->run('index')
#22 C:\Devroot\workspace\risingtide\yii\framework\web\CWebApplication.php(141): CWebApplication->runController('site/index')
#23 C:\Devroot\workspace\risingtide\yii\framework\base\CApplication.php(180): CWebApplication->processRequest()
#24 C:\Devroot\workspace\risingtide\rtwebstart\index.php(13): CApplication->run()
#25 {main}
REQUEST_URI=/rtwebstart/site/index
HTTP_REFERER=http://localhost/rtwebstart/site/page?view=about
---
2013/11/29 16:53:32 [error] [exception.CException] exception 'CException' with message 'Property "CWebUser.returnLogoutUrl" is not defined.' in C:\Devroot\workspace\risingtide\yii\framework\base\CComponent.php:173
Stack trace:
#0 C:\Devroot\workspace\risingtide\yii\framework\web\auth\CWebUser.php(160): CComponent->__set('returnLogoutUrl', Array)
#1 C:\Devroot\workspace\risingtide\yii\framework\YiiBase.php(220): CWebUser->__set('returnLogoutUrl', Array)
#2 C:\Devroot\workspace\risingtide\yii\framework\base\CModule.php(386): YiiBase::createComponent(Array)
#3 C:\Devroot\workspace\risingtide\yii\framework\base\CModule.php(103): CModule->getComponent('user')
#4 C:\Devroot\workspace\risingtide\rtwebstart\protected\views\layouts\main.php(35): CModule->__get('user')
#5 C:\Devroot\workspace\risingtide\yii\framework\web\CBaseController.php(126): require('C:\Devroot\work...')
#6 C:\Devroot\workspace\risingtide\yii\framework\web\CBaseController.php(95): CBaseController->renderInternal('C:\Devroot\work...', Array, true)
#7 C:\Devroot\workspace\risingtide\yii\framework\web\widgets\CContentDecorator.php(76): CBaseController->renderFile('C:\Devroot\work...', Array, true)
#8 C:\Devroot\workspace\risingtide\yii\framework\web\widgets\CContentDecorator.php(54): CContentDecorator->decorate('<div id="conten...')
#9 C:\Devroot\workspace\risingtide\yii\framework\web\widgets\COutputProcessor.php(44): CContentDecorator->processOutput('<div id="conten...')
#10 C:\Devroot\workspace\risingtide\yii\framework\web\CBaseController.php(206): COutputProcessor->run()
#11 C:\Devroot\workspace\risingtide\yii\framework\web\CBaseController.php(300): CBaseController->endWidget('CContentDecorat...')
#12 C:\Devroot\workspace\risingtide\rtwebstart\protected\views\layouts\column1.php(6): CBaseController->endContent()
#13 C:\Devroot\workspace\risingtide\yii\framework\web\CBaseController.php(126): require('C:\Devroot\work...')
#14 C:\Devroot\workspace\risingtide\yii\framework\web\CBaseController.php(95): CBaseController->renderInternal('C:\Devroot\work...', Array, true)
#15 C:\Devroot\workspace\risingtide\yii\framework\web\CController.php(784): CBaseController->renderFile('C:\Devroot\work...', Array, true)
#16 C:\Devroot\workspace\risingtide\rtwebstart\protected\controllers\SiteController.php(32): CController->render('index')
#17 C:\Devroot\workspace\risingtide\yii\framework\web\actions\CInlineAction.php(49): SiteController->actionIndex()
#18 C:\Devroot\workspace\risingtide\yii\framework\web\CController.php(308): CInlineAction->runWithParams(Array)
#19 C:\Devroot\workspace\risingtide\yii\framework\web\CController.php(286): CController->runAction(Object(CInlineAction))
#20 C:\Devroot\workspace\risingtide\yii\framework\web\CController.php(265): CController->runActionWithFilters(Object(CInlineAction), Array)
#21 C:\Devroot\workspace\risingtide\yii\framework\web\CWebApplication.php(282): CController->run('index')
#22 C:\Devroot\workspace\risingtide\yii\framework\web\CWebApplication.php(141): CWebApplication->runController('site/index')
#23 C:\Devroot\workspace\risingtide\yii\framework\base\CApplication.php(180): CWebApplication->processRequest()
#24 C:\Devroot\workspace\risingtide\rtwebstart\index.php(13): CApplication->run()
#25 {main}
REQUEST_URI=/rtwebstart/site/index
HTTP_REFERER=http://localhost/rtwebstart/site/page?view=about
---
2013/12/03 13:33:54 [error] [exception.CHttpException.404] exception 'CHttpException' with message 'The system is unable to find the requested action "ouathadmin".' in C:\Devroot\workspace\risingtide\yii\framework\web\CController.php:483
Stack trace:
#0 C:\Devroot\workspace\risingtide\yii\framework\web\CController.php(270): CController->missingAction('ouathadmin')
#1 C:\Devroot\workspace\risingtide\yii\framework\web\CWebApplication.php(282): CController->run('ouathadmin')
#2 C:\Devroot\workspace\risingtide\yii\framework\web\CWebApplication.php(141): CWebApplication->runController('site/ouathadmin')
#3 C:\Devroot\workspace\risingtide\yii\framework\base\CApplication.php(180): CWebApplication->processRequest()
#4 C:\Devroot\workspace\risingtide\rtwebstart\index.php(13): CApplication->run()
#5 {main}
REQUEST_URI=/rtwebstart/site/ouathadmin
---
2013/12/03 13:38:27 [error] [php] include(User.php) [<a href='function.include'>function.include</a>]: failed to open stream: No such file or directory (C:\Devroot\workspace\risingtide\yii\framework\YiiBase.php:427)
Stack trace:
#0 C:\Devroot\workspace\risingtide\rtwebstart\protected\extensions\hoauth\HOAuthAction.php(134): import()
#1 C:\Devroot\workspace\risingtide\yii\framework\web\actions\CAction.php(76): HOAuthAction->run()
#2 C:\Devroot\workspace\risingtide\yii\framework\web\CController.php(308): HOAuthAction->runWithParams()
#3 C:\Devroot\workspace\risingtide\yii\framework\web\CController.php(286): SiteController->runAction()
#4 C:\Devroot\workspace\risingtide\yii\framework\web\CController.php(265): SiteController->runActionWithFilters()
#5 C:\Devroot\workspace\risingtide\yii\framework\web\CWebApplication.php(282): SiteController->run()
#6 C:\Devroot\workspace\risingtide\yii\framework\web\CWebApplication.php(141): CWebApplication->runController()
#7 C:\Devroot\workspace\risingtide\yii\framework\base\CApplication.php(180): CWebApplication->processRequest()
#8 C:\Devroot\workspace\risingtide\rtwebstart\index.php(13): CWebApplication->run()
REQUEST_URI=/rtwebstart/site/oauth?provider=Facebook
in C:\Devroot\workspace\risingtide\rtwebstart\protected\extensions\hoauth\HOAuthAction.php (134)
in C:\Devroot\workspace\risingtide\rtwebstart\index.php (13)
2013/12/03 13:42:35 [error] [system.db.CDbCommand] CDbCommand::fetchAll() failed: SQLSTATE[42S02]: Base table or view not found: 1146 Table 'rtwebstart.user_oauth' doesn't exist. The SQL statement executed was: SHOW FULL COLUMNS FROM `user_oauth`.
in C:\Devroot\workspace\risingtide\rtwebstart\protected\extensions\hoauth\models\UserOAuth.php (325)
in C:\Devroot\workspace\risingtide\rtwebstart\protected\extensions\hoauth\models\UserOAuth.php (50)
in C:\Devroot\workspace\risingtide\rtwebstart\protected\extensions\hoauth\HOAuthAction.php (177)
2013/12/03 13:42:35 [error] [system.db.CDbCommand] CDbCommand::execute() failed: SQLSTATE[42S02]: Base table or view not found: 1146 Table 'rtwebstart.user_oauth' doesn't exist. The SQL statement executed was: 			ALTER TABLE `user_oauth` CHANGE `name` `provider` VARCHAR( 45 ) CHARACTER SET utf8 COLLATE utf8_general_ci NOT NULL ,
			CHANGE `value` `identifier` VARCHAR( 64 ) CHARACTER SET utf8 COLLATE utf8_general_ci NOT NULL
			.
in C:\Devroot\workspace\risingtide\rtwebstart\protected\extensions\hoauth\models\UserOAuth.php (355)
in C:\Devroot\workspace\risingtide\rtwebstart\protected\extensions\hoauth\models\UserOAuth.php (50)
in C:\Devroot\workspace\risingtide\rtwebstart\protected\extensions\hoauth\HOAuthAction.php (177)
2013/12/03 13:42:35 [error] [system.db.CDbCommand] CDbCommand::fetchAll() failed: SQLSTATE[42S02]: Base table or view not found: 1146 Table 'rtwebstart.user_oauth' doesn't exist. The SQL statement executed was: SHOW FULL COLUMNS FROM `user_oauth`.
in C:\Devroot\workspace\risingtide\rtwebstart\protected\extensions\hoauth\models\UserOAuth.php (303)
in C:\Devroot\workspace\risingtide\rtwebstart\protected\extensions\hoauth\models\UserOAuth.php (56)
in C:\Devroot\workspace\risingtide\rtwebstart\protected\extensions\hoauth\HOAuthAction.php (177)
2013/12/03 13:45:21 [error] [exception.Exception] exception 'Exception' with message 'Model 'User' must implement the 'findByEmail' method' in C:\Devroot\workspace\risingtide\rtwebstart\protected\extensions\hoauth\HOAuthAction.php:138
Stack trace:
#0 C:\Devroot\workspace\risingtide\yii\framework\web\actions\CAction.php(76): HOAuthAction->run()
#1 C:\Devroot\workspace\risingtide\yii\framework\web\CController.php(308): CAction->runWithParams(Array)
#2 C:\Devroot\workspace\risingtide\yii\framework\web\CController.php(286): CController->runAction(Object(HOAuthAction))
#3 C:\Devroot\workspace\risingtide\yii\framework\web\CController.php(265): CController->runActionWithFilters(Object(HOAuthAction), Array)
#4 C:\Devroot\workspace\risingtide\yii\framework\web\CWebApplication.php(282): CController->run('oauth')
#5 C:\Devroot\workspace\risingtide\yii\framework\web\CWebApplication.php(141): CWebApplication->runController('site/oauth')
#6 C:\Devroot\workspace\risingtide\yii\framework\base\CApplication.php(180): CWebApplication->processRequest()
#7 C:\Devroot\workspace\risingtide\rtwebstart\index.php(13): CApplication->run()
#8 {main}
REQUEST_URI=/rtwebstart/site/oauth?hauth.done=Facebook&code=AQAqkV0ajKTOM22nPLWkUVf6fJcPj8YxJFL8QpLEi0JUc_VOvzoOpCSAvJBlQjZW9612dZnR1armVXOqJcD-TkDShojf-WHlpZa5frQNV5VJ2bVrR-pwHVO1yJYFNai2uMfpLOkxEBnvg4X3xWyF9KViU2CDNZru9vbrJkKXj9VbH-C4iAraOtWC7EK2C5YHbSU6Nnvnqk24S5k_fum3ulf5fy38UAMBnYP9kGtjQSRkgOMGTVRHJzOUpsmfDLUsU6SHvf2x5_4l_fjBLZZFmoS4Ze4rPOgqYhgUC-FnuQjNlG9gM0IKHRHSsisxifBVTIs&state=6ab2bccda7bedda35362773f6dc34645
HTTP_REFERER=http://localhost/rtwebstart/site/index
---
